1517598476832	geckodriver	INFO	geckodriver 0.19.1
1517598476842	geckodriver	INFO	Listening on 127.0.0.1:3821
1517598479906	mozrunner::runner	INFO	Running command: "C:\\Program Files (x86)\\Mozilla Firefox\\firefox.exe" "-marionette" "-profile" "C:\\Users\\Usuario\\AppData\\Local\\Temp\\rust_mozprofile.EA2ExmBjY19t"
1517598480324	addons.manager	DEBUG	Application has been upgraded
1517598480470	addons.manager	DEBUG	Loaded provider scope for resource://gre/modules/addons/XPIProvider.jsm: ["XPIProvider", "XPIInternal"]
1517598480474	addons.manager	DEBUG	Loaded provider scope for resource://gre/modules/LightweightThemeManager.jsm: ["LightweightThemeManager"]
1517598480508	addons.manager	DEBUG	Loaded provider scope for resource://gre/modules/addons/GMPProvider.jsm
1517598480512	addons.manager	DEBUG	Loaded provider scope for resource://gre/modules/addons/PluginProvider.jsm
1517598480512	addons.manager	DEBUG	Starting provider: XPIProvider
1517598480513	addons.xpi	DEBUG	startup
1517598480513	addons.xpi	INFO	SystemAddonInstallLocation directory is missing
1517598480513	addons.xpi	INFO	Removing all system add-on upgrades.
1517598480514	addons.xpi	DEBUG	checkForChanges
1517598480514	addons.xpi	DEBUG	Loaded add-on state: ${}
1517598480516	addons.xpi	INFO	Mapping activity-stream@mozilla.org to C:\Program Files (x86)\Mozilla Firefox\browser\features\activity-stream@mozilla.org.xpi
1517598480516	addons.xpi	INFO	Mapping aushelper@mozilla.org to C:\Program Files (x86)\Mozilla Firefox\browser\features\aushelper@mozilla.org.xpi
1517598480516	addons.xpi	INFO	Mapping firefox@getpocket.com to C:\Program Files (x86)\Mozilla Firefox\browser\features\firefox@getpocket.com.xpi
1517598480516	addons.xpi	INFO	Mapping followonsearch@mozilla.com to C:\Program Files (x86)\Mozilla Firefox\browser\features\followonsearch@mozilla.com.xpi
1517598480516	addons.xpi	INFO	Mapping formautofill@mozilla.org to C:\Program Files (x86)\Mozilla Firefox\browser\features\formautofill@mozilla.org.xpi
1517598480517	addons.xpi	INFO	Mapping onboarding@mozilla.org to C:\Program Files (x86)\Mozilla Firefox\browser\features\onboarding@mozilla.org.xpi
1517598480517	addons.xpi	INFO	Mapping screenshots@mozilla.org to C:\Program Files (x86)\Mozilla Firefox\browser\features\screenshots@mozilla.org.xpi
1517598480517	addons.xpi	INFO	Mapping shield-recipe-client@mozilla.org to C:\Program Files (x86)\Mozilla Firefox\browser\features\shield-recipe-client@mozilla.org.xpi
1517598480517	addons.xpi	INFO	Mapping webcompat@mozilla.org to C:\Program Files (x86)\Mozilla Firefox\browser\features\webcompat@mozilla.org.xpi
1517598480518	addons.xpi	DEBUG	New add-on activity-stream@mozilla.org in app-system-defaults
1517598480519	addons.xpi	INFO	Mapping activity-stream@mozilla.org to C:\Program Files (x86)\Mozilla Firefox\browser\features\activity-stream@mozilla.org.xpi
1517598480520	addons.xpi	DEBUG	New add-on aushelper@mozilla.org in app-system-defaults
1517598480520	addons.xpi	INFO	Mapping aushelper@mozilla.org to C:\Program Files (x86)\Mozilla Firefox\browser\features\aushelper@mozilla.org.xpi
1517598480521	addons.xpi	DEBUG	New add-on firefox@getpocket.com in app-system-defaults
1517598480522	addons.xpi	INFO	Mapping firefox@getpocket.com to C:\Program Files (x86)\Mozilla Firefox\browser\features\firefox@getpocket.com.xpi
1517598480522	addons.xpi	DEBUG	New add-on followonsearch@mozilla.com in app-system-defaults
1517598480522	addons.xpi	INFO	Mapping followonsearch@mozilla.com to C:\Program Files (x86)\Mozilla Firefox\browser\features\followonsearch@mozilla.com.xpi
1517598480523	addons.xpi	DEBUG	New add-on formautofill@mozilla.org in app-system-defaults
1517598480523	addons.xpi	INFO	Mapping formautofill@mozilla.org to C:\Program Files (x86)\Mozilla Firefox\browser\features\formautofill@mozilla.org.xpi
1517598480524	addons.xpi	DEBUG	New add-on onboarding@mozilla.org in app-system-defaults
1517598480524	addons.xpi	INFO	Mapping onboarding@mozilla.org to C:\Program Files (x86)\Mozilla Firefox\browser\features\onboarding@mozilla.org.xpi
1517598480525	addons.xpi	DEBUG	New add-on screenshots@mozilla.org in app-system-defaults
1517598480525	addons.xpi	INFO	Mapping screenshots@mozilla.org to C:\Program Files (x86)\Mozilla Firefox\browser\features\screenshots@mozilla.org.xpi
1517598480525	addons.xpi	DEBUG	New add-on shield-recipe-client@mozilla.org in app-system-defaults
1517598480525	addons.xpi	INFO	Mapping shield-recipe-client@mozilla.org to C:\Program Files (x86)\Mozilla Firefox\browser\features\shield-recipe-client@mozilla.org.xpi
1517598480526	addons.xpi	DEBUG	New add-on webcompat@mozilla.org in app-system-defaults
1517598480526	addons.xpi	INFO	Mapping webcompat@mozilla.org to C:\Program Files (x86)\Mozilla Firefox\browser\features\webcompat@mozilla.org.xpi
1517598480528	addons.xpi	INFO	Mapping {972ce4c6-7e08-4474-a285-3208198ce6fd} to C:\Program Files (x86)\Mozilla Firefox\browser\extensions\{972ce4c6-7e08-4474-a285-3208198ce6fd}.xpi
1517598480528	addons.xpi	DEBUG	New add-on {972ce4c6-7e08-4474-a285-3208198ce6fd} in app-global
1517598480528	addons.xpi	INFO	Mapping {972ce4c6-7e08-4474-a285-3208198ce6fd} to C:\Program Files (x86)\Mozilla Firefox\browser\extensions\{972ce4c6-7e08-4474-a285-3208198ce6fd}.xpi
1517598480529	addons.xpi	DEBUG	getInstallState changed: true, state: {}
1517598480530	addons.xpi	INFO	SystemAddonInstallLocation directory is missing
1517598480537	addons.xpi-utils	DEBUG	Opening XPI database C:\Users\Usuario\AppData\Local\Temp\rust_mozprofile.EA2ExmBjY19t\extensions.json
1517598480538	addons.xpi-utils	DEBUG	New add-on activity-stream@mozilla.org installed in app-system-defaults
*** Blocklist::_loadBlocklistFromFile: blocklist is disabled
1517598480566	addons.xpi-utils	DEBUG	New add-on aushelper@mozilla.org installed in app-system-defaults
1517598480571	addons.xpi-utils	DEBUG	New add-on firefox@getpocket.com installed in app-system-defaults
1517598480577	addons.xpi-utils	DEBUG	New add-on followonsearch@mozilla.com installed in app-system-defaults
1517598480583	addons.xpi-utils	DEBUG	New add-on formautofill@mozilla.org installed in app-system-defaults
1517598480589	addons.xpi-utils	DEBUG	New add-on onboarding@mozilla.org installed in app-system-defaults
1517598480594	addons.xpi-utils	DEBUG	New add-on screenshots@mozilla.org installed in app-system-defaults
1517598480602	addons.xpi-utils	DEBUG	New add-on shield-recipe-client@mozilla.org installed in app-system-defaults
1517598480605	addons.xpi-utils	DEBUG	New add-on webcompat@mozilla.org installed in app-system-defaults
1517598480608	addons.xpi-utils	DEBUG	New add-on {972ce4c6-7e08-4474-a285-3208198ce6fd} installed in app-global
1517598480614	addons.manager	DEBUG	Registering startup change 'installed' for activity-stream@mozilla.org
1517598480620	addons.xpi	DEBUG	Loading bootstrap scope from C:\Program Files (x86)\Mozilla Firefox\browser\features\activity-stream@mozilla.org.xpi
1517598480623	addons.xpi	DEBUG	Calling bootstrap method install on activity-stream@mozilla.org version 2018.01.04.0062-4997c81d
1517598480623	addons.xpi-utils	DEBUG	Make addon app-system-defaults:activity-stream@mozilla.org visible
1517598480623	addons.xpi	DEBUG	Updating XPIState for {"id":"activity-stream@mozilla.org","syncGUID":"{75fd848e-9487-4e2a-a284-c5d78aa2ee22}","location":"app-system-defaults","version":"2018.01.04.0062-4997c81d","type":"extension","internalName":null,"updateURL":null,"updateKey":null,"optionsURL":null,"optionsType":null,"aboutURL":null,"defaultLocale":{"name":"Activity Stream","description":"A rich visual history feed and a reimagined home page make it easier than ever to find exactly what you're looking for in Firefox.","creator":null,"homepageURL":null},"visible":true,"active":false,"userDisabled":false,"appDisabled":false,"installDate":1517331872368,"updateDate":1517331872368,"applyBackgroundUpdates":1,"bootstrap":true,"path":"C:\\Program Files (x86)\\Mozilla Firefox\\browser\\features\\activity-stream@mozilla.org.xpi","skinnable":false,"size":2644154,"sourceURI":null,"releaseNotesURI":null,"softDisabled":false,"foreignInstall":false,"hasBinaryComponents":false,"strictCompatibility":false,"locales":[],"targetApplications":[{"id":"{ec8030f7-c20a-464f-9b0e-13a3a9e97384}","minVersion":"58.0.1","maxVersion":"58.*"}],"targetPlatforms":[],"multiprocessCompatible":true,"seen":true,"dependencies":[],"hasEmbeddedWebExtension":false,"mpcOptedOut":false,"userPermissions":null,"icons":{},"iconURL":null,"icon64URL":null,"blocklistState":0,"blocklistURL":null,"startupData":null}
1517598480625	addons.manager	DEBUG	Registering startup change 'installed' for aushelper@mozilla.org
1517598480627	addons.xpi	DEBUG	Loading bootstrap scope from C:\Program Files (x86)\Mozilla Firefox\browser\features\aushelper@mozilla.org.xpi
1517598480630	addons.xpi	DEBUG	Calling bootstrap method install on aushelper@mozilla.org version 2.0
1517598480631	addons.xpi-utils	DEBUG	Make addon app-system-defaults:aushelper@mozilla.org visible
1517598480631	addons.xpi	DEBUG	Updating XPIState for {"id":"aushelper@mozilla.org","syncGUID":"{1f9b4a49-56be-44c6-b7e6-3ff59769dff7}","location":"app-system-defaults","version":"2.0","type":"extension","internalName":null,"updateURL":null,"updateKey":null,"optionsURL":null,"optionsType":null,"aboutURL":null,"defaultLocale":{"name":"Application Update Service Helper","description":"Sets value(s) in the update url based on custom checks.","creator":null,"homepageURL":null},"visible":true,"active":false,"userDisabled":false,"appDisabled":false,"installDate":1517331872001,"updateDate":1517331872001,"applyBackgroundUpdates":1,"bootstrap":true,"path":"C:\\Program Files (x86)\\Mozilla Firefox\\browser\\features\\aushelper@mozilla.org.xpi","skinnable":false,"size":8488,"sourceURI":null,"releaseNotesURI":null,"softDisabled":false,"foreignInstall":false,"hasBinaryComponents":false,"strictCompatibility":false,"locales":[],"targetApplications":[{"id":"{ec8030f7-c20a-464f-9b0e-13a3a9e97384}","minVersion":"58.0.1","maxVersion":"58.*"}],"targetPlatforms":[],"multiprocessCompatible":true,"seen":true,"dependencies":[],"hasEmbeddedWebExtension":false,"mpcOptedOut":false,"userPermissions":null,"icons":{},"iconURL":null,"icon64URL":null,"blocklistState":0,"blocklistURL":null,"startupData":null}
1517598480631	addons.manager	DEBUG	Registering startup change 'installed' for firefox@getpocket.com
1517598480632	addons.xpi	DEBUG	Loading bootstrap scope from C:\Program Files (x86)\Mozilla Firefox\browser\features\firefox@getpocket.com.xpi
1517598480638	addons.xpi	DEBUG	Calling bootstrap method install on firefox@getpocket.com version 1.0.5
1517598480638	addons.xpi-utils	DEBUG	Make addon app-system-defaults:firefox@getpocket.com visible
1517598480639	addons.xpi	DEBUG	Updating XPIState for {"id":"firefox@getpocket.com","syncGUID":"{dc5b8c04-10ca-43b6-a3c6-85fb3059cd82}","location":"app-system-defaults","version":"1.0.5","type":"extension","internalName":null,"updateURL":null,"updateKey":null,"optionsURL":null,"optionsType":null,"aboutURL":null,"defaultLocale":{"name":"Pocket","description":"When you find something you want to view later, put it in Pocket.","creator":null,"homepageURL":null},"visible":true,"active":false,"userDisabled":false,"appDisabled":false,"installDate":1517331871982,"updateDate":1517331871982,"applyBackgroundUpdates":1,"bootstrap":true,"path":"C:\\Program Files (x86)\\Mozilla Firefox\\browser\\features\\firefox@getpocket.com.xpi","skinnable":false,"size":916976,"sourceURI":null,"releaseNotesURI":null,"softDisabled":false,"foreignInstall":false,"hasBinaryComponents":false,"strictCompatibility":false,"locales":[],"targetApplications":[{"id":"{ec8030f7-c20a-464f-9b0e-13a3a9e97384}","minVersion":"58.0.1","maxVersion":"58.*"}],"targetPlatforms":[],"multiprocessCompatible":true,"seen":true,"dependencies":[],"hasEmbeddedWebExtension":false,"mpcOptedOut":false,"userPermissions":null,"icons":{},"iconURL":null,"icon64URL":null,"blocklistState":0,"blocklistURL":null,"startupData":null}
1517598480639	addons.manager	DEBUG	Registering startup change 'installed' for followonsearch@mozilla.com
1517598480640	addons.xpi	DEBUG	Loading bootstrap scope from C:\Program Files (x86)\Mozilla Firefox\browser\features\followonsearch@mozilla.com.xpi
1517598480642	addons.xpi	DEBUG	Calling bootstrap method install on followonsearch@mozilla.com version 0.9.6
1517598480642	addons.xpi-utils	DEBUG	Make addon app-system-defaults:followonsearch@mozilla.com visible
1517598480643	addons.xpi	DEBUG	Updating XPIState for {"id":"followonsearch@mozilla.com","syncGUID":"{3f2af54b-e460-46a3-a3fc-49cf230b03b7}","location":"app-system-defaults","version":"0.9.6","type":"extension","internalName":null,"updateURL":null,"updateKey":null,"optionsURL":null,"optionsType":null,"aboutURL":null,"defaultLocale":{"name":"Follow-on Search Telemetry","description":null,"creator":null,"homepageURL":null},"visible":true,"active":false,"userDisabled":false,"appDisabled":false,"installDate":1510939747964,"updateDate":1510939747964,"applyBackgroundUpdates":1,"bootstrap":true,"path":"C:\\Program Files (x86)\\Mozilla Firefox\\browser\\features\\followonsearch@mozilla.com.xpi","skinnable":false,"size":18625,"sourceURI":null,"releaseNotesURI":null,"softDisabled":false,"foreignInstall":false,"hasBinaryComponents":false,"strictCompatibility":false,"locales":[],"targetApplications":[{"id":"{ec8030f7-c20a-464f-9b0e-13a3a9e97384}","minVersion":"52.0","maxVersion":"59.*"}],"targetPlatforms":[],"multiprocessCompatible":true,"seen":true,"dependencies":[],"hasEmbeddedWebExtension":false,"mpcOptedOut":false,"userPermissions":null,"icons":{},"iconURL":null,"icon64URL":null,"blocklistState":0,"blocklistURL":null,"startupData":null}
1517598480643	addons.manager	DEBUG	Registering startup change 'installed' for formautofill@mozilla.org
1517598480644	addons.xpi	DEBUG	Loading bootstrap scope from C:\Program Files (x86)\Mozilla Firefox\browser\features\formautofill@mozilla.org.xpi
1517598480646	addons.xpi	DEBUG	Calling bootstrap method install on formautofill@mozilla.org version 1.0
1517598480647	addons.xpi-utils	DEBUG	Make addon app-system-defaults:formautofill@mozilla.org visible
1517598480647	addons.xpi	DEBUG	Updating XPIState for {"id":"formautofill@mozilla.org","syncGUID":"{304ff618-1bda-46f6-bf59-c5ae2e1866c8}","location":"app-system-defaults","version":"1.0","type":"extension","internalName":null,"updateURL":null,"updateKey":null,"optionsURL":null,"optionsType":null,"aboutURL":null,"defaultLocale":{"name":"Form Autofill","description":"Autofill forms with saved profiles","creator":null,"homepageURL":null},"visible":true,"active":false,"userDisabled":false,"appDisabled":false,"installDate":1517331871715,"updateDate":1517331871715,"applyBackgroundUpdates":1,"bootstrap":true,"path":"C:\\Program Files (x86)\\Mozilla Firefox\\browser\\features\\formautofill@mozilla.org.xpi","skinnable":false,"size":415158,"sourceURI":null,"releaseNotesURI":null,"softDisabled":false,"foreignInstall":false,"hasBinaryComponents":false,"strictCompatibility":false,"locales":[],"targetApplications":[{"id":"{ec8030f7-c20a-464f-9b0e-13a3a9e97384}","minVersion":"58.0.1","maxVersion":"58.*"}],"targetPlatforms":[],"multiprocessCompatible":true,"seen":true,"dependencies":[],"hasEmbeddedWebExtension":false,"mpcOptedOut":false,"userPermissions":null,"icons":{},"iconURL":null,"icon64URL":null,"blocklistState":0,"blocklistURL":null,"startupData":null}
1517598480647	addons.manager	DEBUG	Registering startup change 'installed' for onboarding@mozilla.org
1517598480648	addons.xpi	DEBUG	Loading bootstrap scope from C:\Program Files (x86)\Mozilla Firefox\browser\features\onboarding@mozilla.org.xpi
1517598480652	addons.xpi	DEBUG	Calling bootstrap method install on onboarding@mozilla.org version 1.0
1517598480652	addons.xpi-utils	DEBUG	Make addon app-system-defaults:onboarding@mozilla.org visible
1517598480652	addons.xpi	DEBUG	Updating XPIState for {"id":"onboarding@mozilla.org","syncGUID":"{6d05f629-5fdd-4b60-b1bf-b37efd55c675}","location":"app-system-defaults","version":"1.0","type":"extension","internalName":null,"updateURL":null,"updateKey":null,"optionsURL":null,"optionsType":null,"aboutURL":null,"defaultLocale":{"name":"Photon onboarding","description":"Photon onboarding","creator":null,"homepageURL":null},"visible":true,"active":false,"userDisabled":false,"appDisabled":false,"installDate":1517331871668,"updateDate":1517331871668,"applyBackgroundUpdates":1,"bootstrap":true,"path":"C:\\Program Files (x86)\\Mozilla Firefox\\browser\\features\\onboarding@mozilla.org.xpi","skinnable":false,"size":537859,"sourceURI":null,"releaseNotesURI":null,"softDisabled":false,"foreignInstall":false,"hasBinaryComponents":false,"strictCompatibility":false,"locales":[],"targetApplications":[{"id":"{ec8030f7-c20a-464f-9b0e-13a3a9e97384}","minVersion":"58.0.1","maxVersion":"58.*"}],"targetPlatforms":[],"multiprocessCompatible":true,"seen":true,"dependencies":[],"hasEmbeddedWebExtension":false,"mpcOptedOut":false,"userPermissions":null,"icons":{},"iconURL":null,"icon64URL":null,"blocklistState":0,"blocklistURL":null,"startupData":null}
1517598480653	addons.manager	DEBUG	Registering startup change 'installed' for screenshots@mozilla.org
1517598480653	addons.xpi	DEBUG	Loading bootstrap scope from C:\Program Files (x86)\Mozilla Firefox\browser\features\screenshots@mozilla.org.xpi
1517598480656	addons.xpi	DEBUG	Calling bootstrap method install on screenshots@mozilla.org version 25.0.0
1517598480657	addons.xpi-utils	DEBUG	Make addon app-system-defaults:screenshots@mozilla.org visible
1517598480657	addons.xpi	DEBUG	Updating XPIState for {"id":"screenshots@mozilla.org","syncGUID":"{35f2a646-27d1-4ce3-9b8b-e51767c1dd0f}","location":"app-system-defaults","version":"25.0.0","type":"extension","internalName":null,"updateURL":null,"updateKey":null,"optionsURL":null,"optionsType":null,"aboutURL":null,"defaultLocale":{"name":"Firefox Screenshots","description":null,"creator":null,"homepageURL":"https://screenshots.firefox.com/"},"visible":true,"active":false,"userDisabled":false,"appDisabled":false,"installDate":1517331871640,"updateDate":1517331871640,"applyBackgroundUpdates":1,"bootstrap":true,"path":"C:\\Program Files (x86)\\Mozilla Firefox\\browser\\features\\screenshots@mozilla.org.xpi","skinnable":false,"size":994512,"sourceURI":null,"releaseNotesURI":null,"softDisabled":false,"foreignInstall":false,"hasBinaryComponents":false,"strictCompatibility":false,"locales":[],"targetApplications":[{"id":"{ec8030f7-c20a-464f-9b0e-13a3a9e97384}","minVersion":"57.0a1","maxVersion":"*"}],"targetPlatforms":[],"multiprocessCompatible":true,"seen":true,"dependencies":[],"hasEmbeddedWebExtension":false,"mpcOptedOut":false,"userPermissions":null,"icons":{},"iconURL":null,"icon64URL":null,"blocklistState":0,"blocklistURL":null,"startupData":null}
1517598480657	addons.manager	DEBUG	Registering startup change 'installed' for shield-recipe-client@mozilla.org
1517598480657	addons.xpi	DEBUG	Loading bootstrap scope from C:\Program Files (x86)\Mozilla Firefox\browser\features\shield-recipe-client@mozilla.org.xpi
1517598480661	addons.xpi	DEBUG	Calling bootstrap method install on shield-recipe-client@mozilla.org version 76.1
1517598480662	addons.xpi-utils	DEBUG	Make addon app-system-defaults:shield-recipe-client@mozilla.org visible
1517598480662	addons.xpi	DEBUG	Updating XPIState for {"id":"shield-recipe-client@mozilla.org","syncGUID":"{9cb96046-7bf0-4e59-8483-2cfa518d65b0}","location":"app-system-defaults","version":"76.1","type":"extension","internalName":null,"updateURL":null,"updateKey":null,"optionsURL":null,"optionsType":null,"aboutURL":null,"defaultLocale":{"name":"Shield Recipe Client","description":"Client to download and run recipes for SHIELD, Heartbeat, etc.","creator":null,"homepageURL":null},"visible":true,"active":false,"userDisabled":false,"appDisabled":false,"installDate":1517331871549,"updateDate":1517331871549,"applyBackgroundUpdates":1,"bootstrap":true,"path":"C:\\Program Files (x86)\\Mozilla Firefox\\browser\\features\\shield-recipe-client@mozilla.org.xpi","skinnable":false,"size":364001,"sourceURI":null,"releaseNotesURI":null,"softDisabled":false,"foreignInstall":false,"hasBinaryComponents":false,"strictCompatibility":false,"locales":[],"targetApplications":[{"id":"{ec8030f7-c20a-464f-9b0e-13a3a9e97384}","minVersion":"58.0.1","maxVersion":"58.*"}],"targetPlatforms":[],"multiprocessCompatible":true,"seen":true,"dependencies":[],"hasEmbeddedWebExtension":false,"mpcOptedOut":false,"userPermissions":null,"icons":{},"iconURL":null,"icon64URL":null,"blocklistState":0,"blocklistURL":null,"startupData":null}
1517598480662	addons.manager	DEBUG	Registering startup change 'installed' for webcompat@mozilla.org
1517598480663	addons.xpi	DEBUG	Loading bootstrap scope from C:\Program Files (x86)\Mozilla Firefox\browser\features\webcompat@mozilla.org.xpi
1517598480666	addons.xpi	DEBUG	Calling bootstrap method install on webcompat@mozilla.org version 1.1
1517598480666	addons.xpi-utils	DEBUG	Make addon app-system-defaults:webcompat@mozilla.org visible
1517598480666	addons.xpi	DEBUG	Updating XPIState for {"id":"webcompat@mozilla.org","syncGUID":"{31741f66-0d01-4ba1-9104-07ae9d5bd46f}","location":"app-system-defaults","version":"1.1","type":"extension","internalName":null,"updateURL":null,"updateKey":null,"optionsURL":null,"optionsType":null,"aboutURL":null,"defaultLocale":{"name":"Web Compat","description":"Urgent post-release fixes for web compatibility.","creator":null,"homepageURL":null},"visible":true,"active":false,"userDisabled":false,"appDisabled":false,"installDate":1517331871524,"updateDate":1517331871524,"applyBackgroundUpdates":1,"bootstrap":true,"path":"C:\\Program Files (x86)\\Mozilla Firefox\\browser\\features\\webcompat@mozilla.org.xpi","skinnable":false,"size":9268,"sourceURI":null,"releaseNotesURI":null,"softDisabled":false,"foreignInstall":false,"hasBinaryComponents":false,"strictCompatibility":false,"locales":[],"targetApplications":[{"id":"{ec8030f7-c20a-464f-9b0e-13a3a9e97384}","minVersion":"58.0.1","maxVersion":"58.*"}],"targetPlatforms":[],"multiprocessCompatible":true,"seen":true,"dependencies":[],"hasEmbeddedWebExtension":false,"mpcOptedOut":false,"userPermissions":null,"icons":{},"iconURL":null,"icon64URL":null,"blocklistState":0,"blocklistURL":null,"startupData":null}
1517598480666	addons.xpi-utils	DEBUG	Make addon app-global:{972ce4c6-7e08-4474-a285-3208198ce6fd} visible
1517598480667	addons.xpi	DEBUG	Updating XPIState for {"id":"{972ce4c6-7e08-4474-a285-3208198ce6fd}","syncGUID":"{237bf801-8d1b-4b84-a299-e22b52ddd13c}","location":"app-global","version":"58.0.1","type":"theme","internalName":"classic/1.0","updateURL":null,"updateKey":null,"optionsURL":null,"optionsType":null,"optionsBrowserStyle":null,"aboutURL":null,"defaultLocale":{"name":"Default","description":"The default theme.","creator":"Mozilla","homepageURL":null,"contributors":["Mozilla Contributors"]},"visible":true,"active":false,"userDisabled":false,"appDisabled":false,"installDate":1517331872382,"updateDate":1517331872382,"applyBackgroundUpdates":1,"path":"C:\\Program Files (x86)\\Mozilla Firefox\\browser\\extensions\\{972ce4c6-7e08-4474-a285-3208198ce6fd}.xpi","skinnable":true,"size":3206,"sourceURI":null,"releaseNotesURI":null,"softDisabled":false,"foreignInstall":false,"hasBinaryComponents":false,"strictCompatibility":true,"locales":[],"targetApplications":[{"id":"{ec8030f7-c20a-464f-9b0e-13a3a9e97384}","minVersion":"58.0.1","maxVersion":"58.0.1"}],"targetPlatforms":[],"seen":true,"dependencies":[],"hasEmbeddedWebExtension":false,"userPermissions":null,"icons":{},"iconURL":"chrome://browser/content/default-theme-icon.svg","icon64URL":null,"blocklistState":0,"blocklistURL":null,"startupData":null}
1517598480667	addons.xpi	DEBUG	Updating XPIState for {"id":"activity-stream@mozilla.org","syncGUID":"{75fd848e-9487-4e2a-a284-c5d78aa2ee22}","location":"app-system-defaults","version":"2018.01.04.0062-4997c81d","type":"extension","internalName":null,"updateURL":null,"updateKey":null,"optionsURL":null,"optionsType":null,"aboutURL":null,"defaultLocale":{"name":"Activity Stream","description":"A rich visual history feed and a reimagined home page make it easier than ever to find exactly what you're looking for in Firefox.","creator":null,"homepageURL":null},"visible":true,"active":true,"userDisabled":false,"appDisabled":false,"installDate":1517331872368,"updateDate":1517331872368,"applyBackgroundUpdates":1,"bootstrap":true,"path":"C:\\Program Files (x86)\\Mozilla Firefox\\browser\\features\\activity-stream@mozilla.org.xpi","skinnable":false,"size":2644154,"sourceURI":null,"releaseNotesURI":null,"softDisabled":false,"foreignInstall":false,"hasBinaryComponents":false,"strictCompatibility":false,"locales":[],"targetApplications":[{"id":"{ec8030f7-c20a-464f-9b0e-13a3a9e97384}","minVersion":"58.0.1","maxVersion":"58.*"}],"targetPlatforms":[],"multiprocessCompatible":true,"seen":true,"dependencies":[],"hasEmbeddedWebExtension":false,"mpcOptedOut":false,"userPermissions":null,"icons":{},"iconURL":null,"icon64URL":null,"blocklistState":0,"blocklistURL":null,"startupData":null}
1517598480668	addons.xpi	DEBUG	Updating XPIState for {"id":"aushelper@mozilla.org","syncGUID":"{1f9b4a49-56be-44c6-b7e6-3ff59769dff7}","location":"app-system-defaults","version":"2.0","type":"extension","internalName":null,"updateURL":null,"updateKey":null,"optionsURL":null,"optionsType":null,"aboutURL":null,"defaultLocale":{"name":"Application Update Service Helper","description":"Sets value(s) in the update url based on custom checks.","creator":null,"homepageURL":null},"visible":true,"active":true,"userDisabled":false,"appDisabled":false,"installDate":1517331872001,"updateDate":1517331872001,"applyBackgroundUpdates":1,"bootstrap":true,"path":"C:\\Program Files (x86)\\Mozilla Firefox\\browser\\features\\aushelper@mozilla.org.xpi","skinnable":false,"size":8488,"sourceURI":null,"releaseNotesURI":null,"softDisabled":false,"foreignInstall":false,"hasBinaryComponents":false,"strictCompatibility":false,"locales":[],"targetApplications":[{"id":"{ec8030f7-c20a-464f-9b0e-13a3a9e97384}","minVersion":"58.0.1","maxVersion":"58.*"}],"targetPlatforms":[],"multiprocessCompatible":true,"seen":true,"dependencies":[],"hasEmbeddedWebExtension":false,"mpcOptedOut":false,"userPermissions":null,"icons":{},"iconURL":null,"icon64URL":null,"blocklistState":0,"blocklistURL":null,"startupData":null}
1517598480668	addons.xpi	DEBUG	Updating XPIState for {"id":"firefox@getpocket.com","syncGUID":"{dc5b8c04-10ca-43b6-a3c6-85fb3059cd82}","location":"app-system-defaults","version":"1.0.5","type":"extension","internalName":null,"updateURL":null,"updateKey":null,"optionsURL":null,"optionsType":null,"aboutURL":null,"defaultLocale":{"name":"Pocket","description":"When you find something you want to view later, put it in Pocket.","creator":null,"homepageURL":null},"visible":true,"active":true,"userDisabled":false,"appDisabled":false,"installDate":1517331871982,"updateDate":1517331871982,"applyBackgroundUpdates":1,"bootstrap":true,"path":"C:\\Program Files (x86)\\Mozilla Firefox\\browser\\features\\firefox@getpocket.com.xpi","skinnable":false,"size":916976,"sourceURI":null,"releaseNotesURI":null,"softDisabled":false,"foreignInstall":false,"hasBinaryComponents":false,"strictCompatibility":false,"locales":[],"targetApplications":[{"id":"{ec8030f7-c20a-464f-9b0e-13a3a9e97384}","minVersion":"58.0.1","maxVersion":"58.*"}],"targetPlatforms":[],"multiprocessCompatible":true,"seen":true,"dependencies":[],"hasEmbeddedWebExtension":false,"mpcOptedOut":false,"userPermissions":null,"icons":{},"iconURL":null,"icon64URL":null,"blocklistState":0,"blocklistURL":null,"startupData":null}
1517598480669	addons.xpi	DEBUG	Updating XPIState for {"id":"followonsearch@mozilla.com","syncGUID":"{3f2af54b-e460-46a3-a3fc-49cf230b03b7}","location":"app-system-defaults","version":"0.9.6","type":"extension","internalName":null,"updateURL":null,"updateKey":null,"optionsURL":null,"optionsType":null,"aboutURL":null,"defaultLocale":{"name":"Follow-on Search Telemetry","description":null,"creator":null,"homepageURL":null},"visible":true,"active":true,"userDisabled":false,"appDisabled":false,"installDate":1510939747964,"updateDate":1510939747964,"applyBackgroundUpdates":1,"bootstrap":true,"path":"C:\\Program Files (x86)\\Mozilla Firefox\\browser\\features\\followonsearch@mozilla.com.xpi","skinnable":false,"size":18625,"sourceURI":null,"releaseNotesURI":null,"softDisabled":false,"foreignInstall":false,"hasBinaryComponents":false,"strictCompatibility":false,"locales":[],"targetApplications":[{"id":"{ec8030f7-c20a-464f-9b0e-13a3a9e97384}","minVersion":"52.0","maxVersion":"59.*"}],"targetPlatforms":[],"multiprocessCompatible":true,"seen":true,"dependencies":[],"hasEmbeddedWebExtension":false,"mpcOptedOut":false,"userPermissions":null,"icons":{},"iconURL":null,"icon64URL":null,"blocklistState":0,"blocklistURL":null,"startupData":null}
1517598480669	addons.xpi	DEBUG	Updating XPIState for {"id":"formautofill@mozilla.org","syncGUID":"{304ff618-1bda-46f6-bf59-c5ae2e1866c8}","location":"app-system-defaults","version":"1.0","type":"extension","internalName":null,"updateURL":null,"updateKey":null,"optionsURL":null,"optionsType":null,"aboutURL":null,"defaultLocale":{"name":"Form Autofill","description":"Autofill forms with saved profiles","creator":null,"homepageURL":null},"visible":true,"active":true,"userDisabled":false,"appDisabled":false,"installDate":1517331871715,"updateDate":1517331871715,"applyBackgroundUpdates":1,"bootstrap":true,"path":"C:\\Program Files (x86)\\Mozilla Firefox\\browser\\features\\formautofill@mozilla.org.xpi","skinnable":false,"size":415158,"sourceURI":null,"releaseNotesURI":null,"softDisabled":false,"foreignInstall":false,"hasBinaryComponents":false,"strictCompatibility":false,"locales":[],"targetApplications":[{"id":"{ec8030f7-c20a-464f-9b0e-13a3a9e97384}","minVersion":"58.0.1","maxVersion":"58.*"}],"targetPlatforms":[],"multiprocessCompatible":true,"seen":true,"dependencies":[],"hasEmbeddedWebExtension":false,"mpcOptedOut":false,"userPermissions":null,"icons":{},"iconURL":null,"icon64URL":null,"blocklistState":0,"blocklistURL":null,"startupData":null}
1517598480669	addons.xpi	DEBUG	Updating XPIState for {"id":"onboarding@mozilla.org","syncGUID":"{6d05f629-5fdd-4b60-b1bf-b37efd55c675}","location":"app-system-defaults","version":"1.0","type":"extension","internalName":null,"updateURL":null,"updateKey":null,"optionsURL":null,"optionsType":null,"aboutURL":null,"defaultLocale":{"name":"Photon onboarding","description":"Photon onboarding","creator":null,"homepageURL":null},"visible":true,"active":true,"userDisabled":false,"appDisabled":false,"installDate":1517331871668,"updateDate":1517331871668,"applyBackgroundUpdates":1,"bootstrap":true,"path":"C:\\Program Files (x86)\\Mozilla Firefox\\browser\\features\\onboarding@mozilla.org.xpi","skinnable":false,"size":537859,"sourceURI":null,"releaseNotesURI":null,"softDisabled":false,"foreignInstall":false,"hasBinaryComponents":false,"strictCompatibility":false,"locales":[],"targetApplications":[{"id":"{ec8030f7-c20a-464f-9b0e-13a3a9e97384}","minVersion":"58.0.1","maxVersion":"58.*"}],"targetPlatforms":[],"multiprocessCompatible":true,"seen":true,"dependencies":[],"hasEmbeddedWebExtension":false,"mpcOptedOut":false,"userPermissions":null,"icons":{},"iconURL":null,"icon64URL":null,"blocklistState":0,"blocklistURL":null,"startupData":null}
1517598480669	addons.xpi	DEBUG	Updating XPIState for {"id":"screenshots@mozilla.org","syncGUID":"{35f2a646-27d1-4ce3-9b8b-e51767c1dd0f}","location":"app-system-defaults","version":"25.0.0","type":"extension","internalName":null,"updateURL":null,"updateKey":null,"optionsURL":null,"optionsType":null,"aboutURL":null,"defaultLocale":{"name":"Firefox Screenshots","description":null,"creator":null,"homepageURL":"https://screenshots.firefox.com/"},"visible":true,"active":true,"userDisabled":false,"appDisabled":false,"installDate":1517331871640,"updateDate":1517331871640,"applyBackgroundUpdates":1,"bootstrap":true,"path":"C:\\Program Files (x86)\\Mozilla Firefox\\browser\\features\\screenshots@mozilla.org.xpi","skinnable":false,"size":994512,"sourceURI":null,"releaseNotesURI":null,"softDisabled":false,"foreignInstall":false,"hasBinaryComponents":false,"strictCompatibility":false,"locales":[],"targetApplications":[{"id":"{ec8030f7-c20a-464f-9b0e-13a3a9e97384}","minVersion":"57.0a1","maxVersion":"*"}],"targetPlatforms":[],"multiprocessCompatible":true,"seen":true,"dependencies":[],"hasEmbeddedWebExtension":false,"mpcOptedOut":false,"userPermissions":null,"icons":{},"iconURL":null,"icon64URL":null,"blocklistState":0,"blocklistURL":null,"startupData":null}
1517598480670	addons.xpi	DEBUG	Updating XPIState for {"id":"shield-recipe-client@mozilla.org","syncGUID":"{9cb96046-7bf0-4e59-8483-2cfa518d65b0}","location":"app-system-defaults","version":"76.1","type":"extension","internalName":null,"updateURL":null,"updateKey":null,"optionsURL":null,"optionsType":null,"aboutURL":null,"defaultLocale":{"name":"Shield Recipe Client","description":"Client to download and run recipes for SHIELD, Heartbeat, etc.","creator":null,"homepageURL":null},"visible":true,"active":true,"userDisabled":false,"appDisabled":false,"installDate":1517331871549,"updateDate":1517331871549,"applyBackgroundUpdates":1,"bootstrap":true,"path":"C:\\Program Files (x86)\\Mozilla Firefox\\browser\\features\\shield-recipe-client@mozilla.org.xpi","skinnable":false,"size":364001,"sourceURI":null,"releaseNotesURI":null,"softDisabled":false,"foreignInstall":false,"hasBinaryComponents":false,"strictCompatibility":false,"locales":[],"targetApplications":[{"id":"{ec8030f7-c20a-464f-9b0e-13a3a9e97384}","minVersion":"58.0.1","maxVersion":"58.*"}],"targetPlatforms":[],"multiprocessCompatible":true,"seen":true,"dependencies":[],"hasEmbeddedWebExtension":false,"mpcOptedOut":false,"userPermissions":null,"icons":{},"iconURL":null,"icon64URL":null,"blocklistState":0,"blocklistURL":null,"startupData":null}
1517598480670	addons.xpi	DEBUG	Updating XPIState for {"id":"webcompat@mozilla.org","syncGUID":"{31741f66-0d01-4ba1-9104-07ae9d5bd46f}","location":"app-system-defaults","version":"1.1","type":"extension","internalName":null,"updateURL":null,"updateKey":null,"optionsURL":null,"optionsType":null,"aboutURL":null,"defaultLocale":{"name":"Web Compat","description":"Urgent post-release fixes for web compatibility.","creator":null,"homepageURL":null},"visible":true,"active":true,"userDisabled":false,"appDisabled":false,"installDate":1517331871524,"updateDate":1517331871524,"applyBackgroundUpdates":1,"bootstrap":true,"path":"C:\\Program Files (x86)\\Mozilla Firefox\\browser\\features\\webcompat@mozilla.org.xpi","skinnable":false,"size":9268,"sourceURI":null,"releaseNotesURI":null,"softDisabled":false,"foreignInstall":false,"hasBinaryComponents":false,"strictCompatibility":false,"locales":[],"targetApplications":[{"id":"{ec8030f7-c20a-464f-9b0e-13a3a9e97384}","minVersion":"58.0.1","maxVersion":"58.*"}],"targetPlatforms":[],"multiprocessCompatible":true,"seen":true,"dependencies":[],"hasEmbeddedWebExtension":false,"mpcOptedOut":false,"userPermissions":null,"icons":{},"iconURL":null,"icon64URL":null,"blocklistState":0,"blocklistURL":null,"startupData":null}
1517598480670	addons.xpi	DEBUG	Updating XPIState for {"id":"{972ce4c6-7e08-4474-a285-3208198ce6fd}","syncGUID":"{237bf801-8d1b-4b84-a299-e22b52ddd13c}","location":"app-global","version":"58.0.1","type":"theme","internalName":"classic/1.0","updateURL":null,"updateKey":null,"optionsURL":null,"optionsType":null,"optionsBrowserStyle":null,"aboutURL":null,"defaultLocale":{"name":"Default","description":"The default theme.","creator":"Mozilla","homepageURL":null,"contributors":["Mozilla Contributors"]},"visible":true,"active":true,"userDisabled":false,"appDisabled":false,"installDate":1517331872382,"updateDate":1517331872382,"applyBackgroundUpdates":1,"path":"C:\\Program Files (x86)\\Mozilla Firefox\\browser\\extensions\\{972ce4c6-7e08-4474-a285-3208198ce6fd}.xpi","skinnable":true,"size":3206,"sourceURI":null,"releaseNotesURI":null,"softDisabled":false,"foreignInstall":false,"hasBinaryComponents":false,"strictCompatibility":true,"locales":[],"targetApplications":[{"id":"{ec8030f7-c20a-464f-9b0e-13a3a9e97384}","minVersion":"58.0.1","maxVersion":"58.0.1"}],"targetPlatforms":[],"seen":true,"dependencies":[],"hasEmbeddedWebExtension":false,"userPermissions":null,"icons":{},"iconURL":"chrome://browser/content/default-theme-icon.svg","icon64URL":null,"blocklistState":0,"blocklistURL":null,"startupData":null}
1517598480670	addons.xpi	DEBUG	Updating database with changes to installed add-ons
1517598480670	addons.xpi-utils	DEBUG	Updating add-on states
1517598480676	addons.xpi	DEBUG	Registering manifest for C:\Program Files (x86)\Mozilla Firefox\browser\features\activity-stream@mozilla.org.xpi
1517598480678	addons.xpi	DEBUG	Calling bootstrap method startup on activity-stream@mozilla.org version 2018.01.04.0062-4997c81d
1517598480679	addons.xpi	DEBUG	Registering manifest for C:\Program Files (x86)\Mozilla Firefox\browser\features\aushelper@mozilla.org.xpi
1517598480680	addons.xpi	DEBUG	Calling bootstrap method startup on aushelper@mozilla.org version 2.0
1517598480682	addons.xpi	DEBUG	Registering manifest for C:\Program Files (x86)\Mozilla Firefox\browser\features\firefox@getpocket.com.xpi
1517598480683	addons.xpi	DEBUG	Calling bootstrap method startup on firefox@getpocket.com version 1.0.5
1517598480693	addons.xpi	DEBUG	Registering manifest for C:\Program Files (x86)\Mozilla Firefox\browser\features\followonsearch@mozilla.com.xpi
1517598480694	addons.xpi	DEBUG	Calling bootstrap method startup on followonsearch@mozilla.com version 0.9.6
1517598480695	addons.xpi	DEBUG	Registering manifest for C:\Program Files (x86)\Mozilla Firefox\browser\features\formautofill@mozilla.org.xpi
1517598480696	addons.xpi	DEBUG	Calling bootstrap method startup on formautofill@mozilla.org version 1.0
1517598480697	addons.xpi	DEBUG	Registering manifest for C:\Program Files (x86)\Mozilla Firefox\browser\features\onboarding@mozilla.org.xpi
1517598480697	addons.xpi	DEBUG	Calling bootstrap method startup on onboarding@mozilla.org version 1.0
1517598480698	addons.xpi	DEBUG	Registering manifest for C:\Program Files (x86)\Mozilla Firefox\browser\features\screenshots@mozilla.org.xpi
1517598480698	addons.xpi	DEBUG	Calling bootstrap method startup on screenshots@mozilla.org version 25.0.0
1517598480699	addons.xpi	DEBUG	Registering manifest for C:\Program Files (x86)\Mozilla Firefox\browser\features\shield-recipe-client@mozilla.org.xpi
1517598480699	addons.xpi	DEBUG	Calling bootstrap method startup on shield-recipe-client@mozilla.org version 76.1
1517598480707	addons.xpi	DEBUG	Registering manifest for C:\Program Files (x86)\Mozilla Firefox\browser\features\webcompat@mozilla.org.xpi
1517598480707	addons.xpi	DEBUG	Calling bootstrap method startup on webcompat@mozilla.org version 1.1
1517598480711	addons.manager	DEBUG	Registering shutdown blocker for XPIProvider
1517598480712	addons.manager	DEBUG	Provider finished startup: XPIProvider
1517598480712	addons.manager	DEBUG	Starting provider: LightweightThemeManager
1517598480712	addons.manager	DEBUG	Registering shutdown blocker for LightweightThemeManager
1517598480712	addons.manager	DEBUG	Provider finished startup: LightweightThemeManager
1517598480712	addons.manager	DEBUG	Starting provider: GMPProvider
1517598480720	addons.manager	DEBUG	Registering shutdown blocker for GMPProvider
1517598480720	addons.manager	DEBUG	Provider finished startup: GMPProvider
1517598480720	addons.manager	DEBUG	Starting provider: PluginProvider
1517598480720	addons.manager	DEBUG	Registering shutdown blocker for PluginProvider
1517598480720	addons.manager	DEBUG	Provider finished startup: PluginProvider
1517598480721	addons.manager	DEBUG	Completed startup sequence
1517598481351	Marionette	INFO	Enabled via --marionette
1517598482053	addons.manager	DEBUG	Starting provider: PreviousExperimentProvider
1517598482053	addons.manager	DEBUG	Registering shutdown blocker for PreviousExperimentProvider
1517598482053	addons.manager	DEBUG	Provider finished startup: PreviousExperimentProvider
1517598484683	addons.xpi	INFO	Mapping activity-stream@mozilla.org to C:\Program Files (x86)\Mozilla Firefox\browser\features\activity-stream@mozilla.org.xpi
1517598484683	addons.xpi	INFO	Mapping aushelper@mozilla.org to C:\Program Files (x86)\Mozilla Firefox\browser\features\aushelper@mozilla.org.xpi
1517598484683	addons.xpi	INFO	Mapping firefox@getpocket.com to C:\Program Files (x86)\Mozilla Firefox\browser\features\firefox@getpocket.com.xpi
1517598484683	addons.xpi	INFO	Mapping followonsearch@mozilla.com to C:\Program Files (x86)\Mozilla Firefox\browser\features\followonsearch@mozilla.com.xpi
1517598484683	addons.xpi	INFO	Mapping formautofill@mozilla.org to C:\Program Files (x86)\Mozilla Firefox\browser\features\formautofill@mozilla.org.xpi
1517598484683	addons.xpi	INFO	Mapping onboarding@mozilla.org to C:\Program Files (x86)\Mozilla Firefox\browser\features\onboarding@mozilla.org.xpi
1517598484683	addons.xpi	INFO	Mapping screenshots@mozilla.org to C:\Program Files (x86)\Mozilla Firefox\browser\features\screenshots@mozilla.org.xpi
1517598484683	addons.xpi	INFO	Mapping shield-recipe-client@mozilla.org to C:\Program Files (x86)\Mozilla Firefox\browser\features\shield-recipe-client@mozilla.org.xpi
1517598484683	addons.xpi	INFO	Mapping webcompat@mozilla.org to C:\Program Files (x86)\Mozilla Firefox\browser\features\webcompat@mozilla.org.xpi
1517598484684	addons.xpi	DEBUG	Existing add-on activity-stream@mozilla.org in app-system-defaults
1517598484684	addons.xpi	DEBUG	Existing add-on aushelper@mozilla.org in app-system-defaults
1517598484684	addons.xpi	DEBUG	Existing add-on firefox@getpocket.com in app-system-defaults
1517598484685	addons.xpi	DEBUG	Existing add-on followonsearch@mozilla.com in app-system-defaults
1517598484685	addons.xpi	DEBUG	Existing add-on formautofill@mozilla.org in app-system-defaults
1517598484685	addons.xpi	DEBUG	Existing add-on onboarding@mozilla.org in app-system-defaults
1517598484685	addons.xpi	DEBUG	Existing add-on screenshots@mozilla.org in app-system-defaults
1517598484685	addons.xpi	DEBUG	Existing add-on shield-recipe-client@mozilla.org in app-system-defaults
1517598484686	addons.xpi	DEBUG	Existing add-on webcompat@mozilla.org in app-system-defaults
1517598484686	addons.xpi	INFO	Mapping {972ce4c6-7e08-4474-a285-3208198ce6fd} to C:\Program Files (x86)\Mozilla Firefox\browser\extensions\{972ce4c6-7e08-4474-a285-3208198ce6fd}.xpi
1517598484687	addons.xpi	DEBUG	Existing add-on {972ce4c6-7e08-4474-a285-3208198ce6fd} in app-global
1517598484687	addons.xpi	DEBUG	getInstallState changed: false, state: {}
1517598486207	Marionette	INFO	Listening on port 3829
1517598486677	addons.xpi-utils	DEBUG	XPI Database saved, setting schema version preference to 23
1517598487476	Marionette	WARN	TLS certificate errors will be ignored for this session
Unable to read VR Path Registry from C:\Users\Usuario\AppData\Local\openvr\openvrpaths.vrpath
[Child 2280, Chrome_ChildThread] WARNING: pipe error: 109: file z:/build/build/src/ipc/chromium/src/chrome/common/ipc_channel_win.cc, line 346
[Child 2280, Chrome_ChildThread] WARNING: pipe error: 109: file z:/build/build/src/ipc/chromium/src/chrome/common/ipc_channel_win.cc, line 346
1517598516799	addons.xpi	DEBUG	Calling bootstrap method shutdown on webcompat@mozilla.org version 1.1
1517598516800	addons.xpi	DEBUG	Calling bootstrap method shutdown on shield-recipe-client@mozilla.org version 76.1
1517598516802	addons.xpi	DEBUG	Calling bootstrap method shutdown on screenshots@mozilla.org version 25.0.0
1517598516810	addons.xpi	DEBUG	Calling bootstrap method shutdown on onboarding@mozilla.org version 1.0
1517598516811	addons.xpi	DEBUG	Calling bootstrap method shutdown on formautofill@mozilla.org version 1.0
1517598516811	addons.xpi	DEBUG	Calling bootstrap method shutdown on followonsearch@mozilla.com version 0.9.6
1517598516812	addons.xpi	DEBUG	Calling bootstrap method shutdown on firefox@getpocket.com version 1.0.5
1517598516813	addons.xpi	DEBUG	Calling bootstrap method shutdown on aushelper@mozilla.org version 2.0
1517598516814	addons.xpi	DEBUG	Calling bootstrap method shutdown on activity-stream@mozilla.org version 2018.01.04.0062-4997c81d
Unable to read VR Path Registry from C:\Users\Usuario\AppData\Local\openvr\openvrpaths.vrpath
[Child 5664, Chrome_ChildThread] WARNING: pipe error: 109: file z:/build/build/src/ipc/chromium/src/chrome/common/ipc_channel_win.cc, line 346
[Child 5664, Chrome_ChildThread] WARNING: pipe error: 109: file z:/build/build/src/ipc/chromium/src/chrome/common/ipc_channel_win.cc, line 346
Unable to read VR Path Registry from C:\Users\Usuario\AppData\Local\openvr\openvrpaths.vrpath
[Parent 4724, Gecko_IOThread] WARNING: pipe error: 109: file z:/build/build/src/ipc/chromium/src/chrome/common/ipc_channel_win.cc, line 346
Unable to read VR Path Registry from C:\Users\Usuario\AppData\Local\openvr\openvrpaths.vrpath
[Child 8168, Chrome_ChildThread] WARNING: pipe error: 109: file z:/build/build/src/ipc/chromium/src/chrome/common/ipc_channel_win.cc, line 346
[Child 8168, Chrome_ChildThread] WARNING: pipe error: 109: file z:/build/build/src/ipc/chromium/src/chrome/common/ipc_channel_win.cc, line 346
[Parent 4724, Gecko_IOThread] WARNING: pipe error: 109: file z:/build/build/src/ipc/chromium/src/chrome/common/ipc_channel_win.cc, line 346
Unable to read VR Path Registry from C:\Users\Usuario\AppData\Local\openvr\openvrpaths.vrpath
[Child 4840, Chrome_ChildThread] WARNING: pipe error: 109: file z:/build/build/src/ipc/chromium/src/chrome/common/ipc_channel_win.cc, line 346
1517598516931	addons.manager	DEBUG	shutdown
1517598516932	addons.manager	DEBUG	Calling shutdown blocker for XPIProvider
1517598516932	addons.xpi	DEBUG	shutdown
1517598516932	addons.xpi-utils	DEBUG	shutdown
1517598516932	addons.manager	DEBUG	Calling shutdown blocker for LightweightThemeManager
1517598516933	addons.manager	DEBUG	Calling shutdown blocker for GMPProvider
1517598516933	addons.manager	DEBUG	Calling shutdown blocker for PluginProvider
1517598516933	addons.manager	DEBUG	Calling shutdown blocker for PreviousExperimentProvider
1517598516938	addons.manager	DEBUG	Async provider shutdown done
*** UTM:SVC TimerManager:registerTimer called after profile-before-change notification. Ignoring timer registration for id: telemetry_modules_ping
r: 109: file z:/build/build/src/ipc/chromium/src/chrome/common/ipc_channel_win.cc, line 346

###!!! [Child][MessageChannel::SendAndWait] Error: Channel error: cannot send/recv

ExperimentProvider
1517597867051	addons.manager	DEBUG	Async provider shutdown done
Unable to read VR Path Registry from C:\Users\Usuario\AppData\Local\openvr\openvrpaths.vrpath
[GPU 6324, Chrome_ChildThread] WARNING: pipe error: 109: file z:/build/build/src/ipc/chromium/src/chrome/common/ipc_channel_win.cc, line 346

###!!! [Child][MessageChannel::SendAndWait] Error: Channel error: cannot send/recv

@mozilla.org in app-system-defaults
1516388871135	addons.xpi	DEBUG	Existing add-on onboarding@mozilla.org in app-system-defaults
1516388871135	addons.xpi	DEBUG	Existing add-on screenshots@mozilla.org in app-system-defaults
1516388871136	addons.xpi	DEBUG	Existing add-on shield-recipe-client@mozilla.org in app-system-defaults
1516388871136	addons.xpi	DEBUG	Existing add-on webcompat@mozilla.org in app-system-defaults
1516388871137	addons.xpi	INFO	Mapping {972ce4c6-7e08-4474-a285-3208198ce6fd} to C:\Program Files (x86)\Mozilla Firefox\browser\extensions\{972ce4c6-7e08-4474-a285-3208198ce6fd}.xpi
1516388871137	addons.xpi	DEBUG	Existing add-on {972ce4c6-7e08-4474-a285-3208198ce6fd} in app-global
1516388871137	addons.xpi	DEBUG	getInstallState changed: false, state: {}
Unable to read VR Path Registry from C:\Users\Usuario\AppData\Local\openvr\openvrpaths.vrpath
[Parent 1840, Gecko_IOThread] WARNING: pipe error: 109: file z:/build/build/src/ipc/chromium/src/chrome/common/ipc_channel_win.cc, line 346
Unable to read VR Path Registry from C:\Users\Usuario\AppData\Local\openvr\openvrpaths.vrpath
[Child 6668, Chrome_ChildThread] WARNING: pipe error: 109: file z:/build/build/src/ipc/chromium/src/chrome/common/ipc_channel_win.cc, line 346
[Child 6668, Chrome_ChildThread] WARNING: pipe error: 109: file z:/build/build/src/ipc/chromium/src/chrome/common/ipc_channel_win.cc, line 346
1516388875503	DeferredSave.webext.sc.lz4	DEBUG	Save changes
1516388875503	DeferredSave.webext.sc.lz4	DEBUG	Starting timer
1516388876155	DeferredSave.webext.sc.lz4	DEBUG	Save changes
1516388876194	DeferredSave.webext.sc.lz4	DEBUG	Save changes
1516388876194	DeferredSave.webext.sc.lz4	DEBUG	Save changes
1516388876195	DeferredSave.webext.sc.lz4	DEBUG	Save changes
1516388876196	DeferredSave.webext.sc.lz4	DEBUG	Save changes
1516388876198	DeferredSave.webext.sc.lz4	DEBUG	Save changes
1516388876199	DeferredSave.webext.sc.lz4	DEBUG	Save changes
1516388876200	DeferredSave.webext.sc.lz4	DEBUG	Save changes
1516388876201	DeferredSave.webext.sc.lz4	DEBUG	Save changes
1516388876202	DeferredSave.webext.sc.lz4	DEBUG	Save changes
1516388876202	DeferredSave.webext.sc.lz4	DEBUG	Save changes
1516388876204	DeferredSave.webext.sc.lz4	DEBUG	Save changes
1516388876205	DeferredSave.webext.sc.lz4	DEBUG	Save changes
1516388876206	DeferredSave.webext.sc.lz4	DEBUG	Save changes
1516388876207	DeferredSave.webext.sc.lz4	DEBUG	Save changes
1516388876208	DeferredSave.webext.sc.lz4	DEBUG	Save changes
1516388876209	DeferredSave.webext.sc.lz4	DEBUG	Save changes
1516388876211	DeferredSave.webext.sc.lz4	DEBUG	Save changes
1516388876211	DeferredSave.webext.sc.lz4	DEBUG	Save changes
1516388876212	DeferredSave.webext.sc.lz4	DEBUG	Save changes
1516388876213	DeferredSave.webext.sc.lz4	DEBUG	Save changes
1516388876214	DeferredSave.webext.sc.lz4	DEBUG	Save changes
1516388876215	DeferredSave.webext.sc.lz4	DEBUG	Save changes
1516388876217	DeferredSave.webext.sc.lz4	DEBUG	Save changes
1516388876218	DeferredSave.webext.sc.lz4	DEBUG	Save changes
1516388876219	DeferredSave.webext.sc.lz4	DEBUG	Save changes
1516388876219	DeferredSave.webext.sc.lz4	DEBUG	Save changes
1516388876220	DeferredSave.webext.sc.lz4	DEBUG	Save changes
1516388876220	DeferredSave.webext.sc.lz4	DEBUG	Save changes
1516388876220	DeferredSave.webext.sc.lz4	DEBUG	Save changes
1516388876221	DeferredSave.webext.sc.lz4	DEBUG	Save changes
1516388876222	DeferredSave.webext.sc.lz4	DEBUG	Save changes
1516388876223	DeferredSave.webext.sc.lz4	DEBUG	Save changes
1516388876224	DeferredSave.webext.sc.lz4	DEBUG	Save changes
1516388876225	DeferredSave.webext.sc.lz4	DEBUG	Save changes
1516388876225	DeferredSave.webext.sc.lz4	DEBUG	Save changes
1516388876227	DeferredSave.webext.sc.lz4	DEBUG	Save changes
1516388876228	DeferredSave.webext.sc.lz4	DEBUG	Save changes
1516388876228	DeferredSave.webext.sc.lz4	DEBUG	Save changes
1516388876229	DeferredSave.webext.sc.lz4	DEBUG	Save changes
1516388876229	DeferredSave.webext.sc.lz4	DEBUG	Save changes
1516388876230	DeferredSave.webext.sc.lz4	DEBUG	Save changes
1516388876232	DeferredSave.webext.sc.lz4	DEBUG	Save changes
1516388876233	DeferredSave.webext.sc.lz4	DEBUG	Save changes
1516388876234	DeferredSave.webext.sc.lz4	DEBUG	Save changes
1516388876236	DeferredSave.webext.sc.lz4	DEBUG	Save changes
1516388876236	DeferredSave.webext.sc.lz4	DEBUG	Save changes
1516388876238	DeferredSave.webext.sc.lz4	DEBUG	Save changes
1516388876240	DeferredSave.webext.sc.lz4	DEBUG	Save changes
1516388876240	DeferredSave.webext.sc.lz4	DEBUG	Save changes
1516388876243	DeferredSave.webext.sc.lz4	DEBUG	Save changes
1516388876249	DeferredSave.webext.sc.lz4	DEBUG	Save changes
1516388876254	DeferredSave.webext.sc.lz4	DEBUG	Save changes
1516388876283	DeferredSave.extensions.json	DEBUG	Starting write
1516388876356	Marionette	INFO	Listening on port 4781
1516388876436	DeferredSave.webext.sc.lz4	DEBUG	Save changes
1516388876437	DeferredSave.webext.sc.lz4	DEBUG	Save changes
1516388876452	DeferredSave.extensions.json	DEBUG	Write succeeded
1516388876452	addons.xpi-utils	DEBUG	XPI Database saved, setting schema version preference to 23
1516388877311	Marionette	WARN	TLS certificate errors will be ignored for this session
1516388877384	Marionette	DEBUG	Register listener.js for window 4294967297
1516388877421	Marionette	DEBUG	Received DOM event "beforeunload" for "about:blank"
1516388877930	Marionette	DEBUG	Received DOM event "pagehide" for "about:blank"
1516388877931	Marionette	DEBUG	Received DOM event "unload" for "about:blank"
1516388878854	Marionette	DEBUG	Received DOM event "DOMContentLoaded" for "https://www.instagram.com/"
1516388879650	Marionette	DEBUG	Received DOM event "pageshow" for "https://www.instagram.com/"
1516388880414	Marionette	DEBUG	Canceled page load listener because no navigation has been detected
1516388880506	DeferredSave.webext.sc.lz4	DEBUG	Starting write
1516388880513	DeferredSave.webext.sc.lz4	DEBUG	Write succeeded
1516388880695	Marionette	DEBUG	Canceled page load listener because no navigation has been detected
1516388882485	Marionette	DEBUG	Canceled page load listener because no navigation has been detected
1516388882769	Marionette	DEBUG	Canceled page load listener because no navigation has been detected
1516388886063	Marionette	DEBUG	Canceled page load listener because no navigation has been detected
1516388886399	Marionette	DEBUG	Canceled page load listener because no navigation has been detected
1516388886670	Marionette	DEBUG	Canceled page load listener because no navigation has been detected
1516388889958	Marionette	DEBUG	Canceled page load listener because no navigation has been detected
1516388890301	Marionette	DEBUG	Canceled page load listener because no navigation has been detected
1516388890544	Marionette	DEBUG	Canceled page load listener because no navigation has been detected
1516388893813	Marionette	DEBUG	Canceled page load listener because no navigation has been detected
1516388894114	Marionette	DEBUG	Canceled page load listener because no navigation has been detected
1516388894420	Marionette	DEBUG	Canceled page load listener because no navigation has been detected
Unable to read VR Path Registry from C:\Users\Usuario\AppData\Local\openvr\openvrpaths.vrpath
[Child 5232, Chrome_ChildThread] WARNING: pipe error: 109: file z:/build/build/src/ipc/chromium/src/chrome/common/ipc_channel_win.cc, line 346
[Child 5232, Chrome_ChildThread] WARNING: pipe error: 109: file z:/build/build/src/ipc/chromium/src/chrome/common/ipc_channel_win.cc, line 346
1516388898037	Marionette	DEBUG	Register listener.js for window 8589934593
1516388898095	Marionette	DEBUG	Register listener.js for window 8589934595
1516388898749	addons.xpi	DEBUG	Calling bootstrap method shutdown on webcompat@mozilla.org version 1.1
1516388898749	addons.xpi	DEBUG	Calling bootstrap method shutdown on shield-recipe-client@mozilla.org version 76.1
1516388898750	addons.xpi	DEBUG	Calling bootstrap method shutdown on screenshots@mozilla.org version 19.2.0
1516388898754	addons.xpi	DEBUG	Calling bootstrap method shutdown on onboarding@mozilla.org version 1.0
1516388898755	addons.xpi	DEBUG	Calling bootstrap method shutdown on formautofill@mozilla.org version 1.0
1516388898755	addons.xpi	DEBUG	Calling bootstrap method shutdown on followonsearch@mozilla.com version 0.9.6
1516388898756	addons.xpi	DEBUG	Calling bootstrap method shutdown on firefox@getpocket.com version 1.0.5
1516388898756	addons.xpi	DEBUG	Calling bootstrap method shutdown on e10srollout@mozilla.org version 3.05
1516388898756	addons.xpi	DEBUG	Calling bootstrap method shutdown on aushelper@mozilla.org version 2.0
1516388898757	addons.xpi	DEBUG	Calling bootstrap method shutdown on activity-stream@mozilla.org version 2017.11.07.1100-7f4e3634
Unable to read VR Path Registry from C:\Users\Usuario\AppData\Local\openvr\openvrpaths.vrpath
[Child 4616, Chrome_ChildThread] WARNING: pipe error: 109: file z:/build/build/src/ipc/chromium/src/chrome/common/ipc_channel_win.cc, line 346
Unable to read VR Path Registry from C:\Users\Usuario\AppData\Local\openvr\openvrpaths.vrpath
[Child 6692, Chrome_ChildThread] WARNING: pipe error: 109: file z:/build/build/src/ipc/chromium/src/chrome/common/ipc_channel_win.cc, line 346
[Child 6692, Chrome_ChildThread] WARNING: pipe error: 109: file z:/build/build/src/ipc/chromium/src/chrome/common/ipc_channel_win.cc, line 346

###!!! [Child][RunMessage] Error: Channel closing: too late to send/recv, messages will be lost

1516388899050	addons.manager	DEBUG	shutdown
1516388899051	addons.manager	DEBUG	Calling shutdown blocker for XPIProvider
1516388899051	addons.xpi	DEBUG	shutdown
1516388899051	addons.xpi-utils	DEBUG	shutdown
1516388899051	addons.manager	DEBUG	Calling shutdown blocker for LightweightThemeManager
1516388899051	addons.manager	DEBUG	Calling shutdown blocker for GMPProvider
1516388899051	addons.manager	DEBUG	Calling shutdown blocker for PluginProvider
1516388899052	addons.manager	DEBUG	Calling shutdown blocker for PreviousExperimentProvider
1516388899057	addons.manager	DEBUG	Async provider shutdown done
*** UTM:SVC TimerManager:registerTimer called after profile-before-change notification. Ignoring timer registration for id: telemetry_modules_ping
 shutdown blocker for PreviousExperimentProvider
1516386809262	addons.manager	DEBUG	Async provider shutdown done
*** UTM:SVC TimerManager:registerTimer called after profile-before-change notification. Ignoring timer registration for id: telemetry_modules_ping
Unable to read VR Path Registry from C:\Users\Usuario\AppData\Local\openvr\openvrpaths.vrpath
[GPU 4996, Chrome_ChildThread] WARNING: pipe error: 109: file z:/build/build/src/ipc/chromium/src/chrome/common/ipc_channel_win.cc, line 346

###!!! [Child][MessageChannel::SendAndWait] Error: Channel error: cannot send/recv

Unable to read VR Path Registry from C:\Users\Usuario\AppData\Local\openvr\openvrpaths.vrpath
